<?xml version="1.0" encoding="UTF-8"?>
<testsuite name="JUnit Jupiter" tests="1" skipped="0" failures="0" errors="0" time="0.165" hostname="thinky.localdomain" timestamp="2017-10-08T15:42:05">
<properties>
<property name="awt.toolkit" value="sun.awt.X11.XToolkit"/>
<property name="file.encoding" value="UTF-8"/>
<property name="file.encoding.pkg" value="sun.io"/>
<property name="file.separator" value="/"/>
<property name="java.awt.graphicsenv" value="sun.awt.X11GraphicsEnvironment"/>
<property name="java.awt.printerjob" value="sun.print.PSPrinterJob"/>
<property name="java.class.path" value="/home/saem/Development/super-service-time/build/classes/test:/home/saem/Development/super-service-time/build/resources/test:/home/saem/Development/super-service-time/build/classes/main:/home/saem/Development/super-service-time/build/resources/main:/home/saem/.gradle/caches/modules-2/files-2.1/org.jetbrains.kotlin/kotlin-stdlib-jre8/1.1.4-3/3a4fbf3d403d15b42df34c00d36276f360e39040/kotlin-stdlib-jre8-1.1.4-3.jar:/home/saem/.gradle/caches/modules-2/files-2.1/com.xenomachina/kotlin-argparser/2.0.3/b80e8392522982d44866f2e1d5a2662a23924822/kotlin-argparser-2.0.3.jar:/home/saem/.gradle/caches/modules-2/files-2.1/org.junit.jupiter/junit-jupiter-api/5.0.0/f7fe1b74bef74d640493781abecafba191472ad/junit-jupiter-api-5.0.0.jar:/home/saem/.gradle/caches/modules-2/files-2.1/org.junit.jupiter/junit-jupiter-engine/5.0.0/811b65ec5a499732868f76c1d2a6f5786774ff82/junit-jupiter-engine-5.0.0.jar:/home/saem/.gradle/caches/modules-2/files-2.1/org.jetbrains.kotlin/kotlin-stdlib/1.1.4-3/7f07ece855a7d40d5ef430218593e92282ae2a74/kotlin-stdlib-1.1.4-3.jar:/home/saem/.gradle/caches/modules-2/files-2.1/org.jetbrains.kotlin/kotlin-stdlib-jre7/1.1.4-3/e8c9cbfa33a3015fcc7581fe6a60a355bf7cd92c/kotlin-stdlib-jre7-1.1.4-3.jar:/home/saem/.gradle/caches/modules-2/files-2.1/com.xenomachina/xenocom/0.0.5/94b866b1a5d56fae0b5205287a221460307ff29c/xenocom-0.0.5.jar:/home/saem/.gradle/caches/modules-2/files-2.1/org.apiguardian/apiguardian-api/1.0.0/3ef5276905e36f4d8055fe3cb0bdcc7503ffc85d/apiguardian-api-1.0.0.jar:/home/saem/.gradle/caches/modules-2/files-2.1/org.opentest4j/opentest4j/1.0.0/6f09c598e9ff64bf0ce2fa7e7de49a99ba83c0b4/opentest4j-1.0.0.jar:/home/saem/.gradle/caches/modules-2/files-2.1/org.junit.platform/junit-platform-commons/1.0.0/d2e03d9b21020746d48fe45834ff7d71fbcbd7b2/junit-platform-commons-1.0.0.jar:/home/saem/.gradle/caches/modules-2/files-2.1/org.junit.platform/junit-platform-engine/1.0.0/fdc6f63a689b894529ea5e9e218b65422748fd/junit-platform-engine-1.0.0.jar:/home/saem/.gradle/caches/modules-2/files-2.1/org.jetbrains/annotations/13.0/919f0dfe192fb4e063e7dacadee7f8bb9a2672a9/annotations-13.0.jar:/home/saem/.gradle/caches/modules-2/files-2.1/org.junit.platform/junit-platform-launcher/1.0.0/5602a195a442636276efefce2a4c7b418cd67e5c/junit-platform-launcher-1.0.0.jar:/home/saem/.gradle/caches/modules-2/files-2.1/org.junit.platform/junit-platform-console/1.0.0/2931079616796bc4537f7e3c236f8fdfe7e51237/junit-platform-console-1.0.0.jar"/>
<property name="java.class.version" value="52.0"/>
<property name="java.endorsed.dirs" value="/usr/lib/jvm/java-1.8.0-openjdk-1.8.0.144-5.b01.fc26.x86_64/jre/lib/endorsed"/>
<property name="java.ext.dirs" value="/usr/lib/jvm/java-1.8.0-openjdk-1.8.0.144-5.b01.fc26.x86_64/jre/lib/ext:/usr/java/packages/lib/ext"/>
<property name="java.home" value="/usr/lib/jvm/java-1.8.0-openjdk-1.8.0.144-5.b01.fc26.x86_64/jre"/>
<property name="java.io.tmpdir" value="/tmp"/>
<property name="java.library.path" value="/home/saem/idea-IU-172.4155.36/bin::/usr/java/packages/lib/amd64:/usr/lib64:/lib64:/lib:/usr/lib"/>
<property name="java.runtime.name" value="OpenJDK Runtime Environment"/>
<property name="java.runtime.version" value="1.8.0_144-b01"/>
<property name="java.specification.name" value="Java Platform API Specification"/>
<property name="java.specification.vendor" value="Oracle Corporation"/>
<property name="java.specification.version" value="1.8"/>
<property name="java.vendor" value="Oracle Corporation"/>
<property name="java.vendor.url" value="http://java.oracle.com/"/>
<property name="java.vendor.url.bug" value="http://bugreport.sun.com/bugreport/"/>
<property name="java.version" value="1.8.0_144"/>
<property name="java.vm.info" value="mixed mode"/>
<property name="java.vm.name" value="OpenJDK 64-Bit Server VM"/>
<property name="java.vm.specification.name" value="Java Virtual Machine Specification"/>
<property name="java.vm.specification.vendor" value="Oracle Corporation"/>
<property name="java.vm.specification.version" value="1.8"/>
<property name="java.vm.vendor" value="Oracle Corporation"/>
<property name="java.vm.version" value="25.144-b01"/>
<property name="line.separator" value="
"/>
<property name="os.arch" value="amd64"/>
<property name="os.name" value="Linux"/>
<property name="os.version" value="4.12.13-300.fc26.x86_64"/>
<property name="path.separator" value=":"/>
<property name="sun.arch.data.model" value="64"/>
<property name="sun.boot.class.path" value="/usr/lib/jvm/java-1.8.0-openjdk-1.8.0.144-5.b01.fc26.x86_64/jre/lib/resources.jar:/usr/lib/jvm/java-1.8.0-openjdk-1.8.0.144-5.b01.fc26.x86_64/jre/lib/rt.jar:/usr/lib/jvm/java-1.8.0-openjdk-1.8.0.144-5.b01.fc26.x86_64/jre/lib/sunrsasign.jar:/usr/lib/jvm/java-1.8.0-openjdk-1.8.0.144-5.b01.fc26.x86_64/jre/lib/jsse.jar:/usr/lib/jvm/java-1.8.0-openjdk-1.8.0.144-5.b01.fc26.x86_64/jre/lib/jce.jar:/usr/lib/jvm/java-1.8.0-openjdk-1.8.0.144-5.b01.fc26.x86_64/jre/lib/charsets.jar:/usr/lib/jvm/java-1.8.0-openjdk-1.8.0.144-5.b01.fc26.x86_64/jre/lib/jfr.jar:/usr/lib/jvm/java-1.8.0-openjdk-1.8.0.144-5.b01.fc26.x86_64/jre/classes"/>
<property name="sun.boot.library.path" value="/usr/lib/jvm/java-1.8.0-openjdk-1.8.0.144-5.b01.fc26.x86_64/jre/lib/amd64"/>
<property name="sun.cpu.endian" value="little"/>
<property name="sun.cpu.isalist" value=""/>
<property name="sun.desktop" value="gnome"/>
<property name="sun.io.unicode.encoding" value="UnicodeLittle"/>
<property name="sun.java.command" value="org.junit.platform.console.ConsoleLauncher --details NONE --scan-class-path /home/saem/Development/super-service-time/build/classes/main:/home/saem/Development/super-service-time/build/resources/main:/home/saem/Development/super-service-time/build/classes/test:/home/saem/Development/super-service-time/build/resources/test -n ^.*Tests?$ -e junit-jupiter --reports-dir /home/saem/Development/super-service-time/build/test-results/junit-platform"/>
<property name="sun.java.launcher" value="SUN_STANDARD"/>
<property name="sun.jnu.encoding" value="UTF-8"/>
<property name="sun.management.compiler" value="HotSpot 64-Bit Tiered Compilers"/>
<property name="sun.os.patch.level" value="unknown"/>
<property name="user.country" value="US"/>
<property name="user.dir" value="/home/saem/Development/super-service-time"/>
<property name="user.home" value="/home/saem"/>
<property name="user.language" value="en"/>
<property name="user.name" value="saem"/>
<property name="user.timezone" value="America/Vancouver"/>
<property name="user.variant" value=""/>
</properties>
<testcase name="myFirstTest()" classname="com.github.saem.superservicetime.ConsoleTest" time="0.124">
<system-out><![CDATA[
unique-id: [engine:junit-jupiter]/[class:com.github.saem.superservicetime.ConsoleTest]/[method:myFirstTest()]
display-name: myFirstTest()
]]></system-out>
</testcase>
<system-out><![CDATA[
unique-id: [engine:junit-jupiter]
display-name: JUnit Jupiter
]]></system-out>
</testsuite>
